Determining if files usbhid.h exist failed with the following output:
Change Dir: /home/heaticy/CS100/PvZ/build/CMakeFiles/CMakeTmp

Run Build Command(s):/usr/bin/gmake -f Makefile cmTC_8d746/fast && /usr/bin/gmake  -f CMakeFiles/cmTC_8d746.dir/build.make CMakeFiles/cmTC_8d746.dir/build
gmake[1]: 进入目录“/home/heaticy/CS100/PvZ/build/CMakeFiles/CMakeTmp”
Building C object CMakeFiles/cmTC_8d746.dir/HAVE_USBHID_H.c.o
/usr/bin/gcc   -Wall -pedantic  -o CMakeFiles/cmTC_8d746.dir/HAVE_USBHID_H.c.o -c /home/heaticy/CS100/PvZ/build/CMakeFiles/CheckIncludeFiles/HAVE_USBHID_H.c
/home/heaticy/CS100/PvZ/build/CMakeFiles/CheckIncludeFiles/HAVE_USBHID_H.c:2:10: fatal error: usbhid.h: 没有那个文件或目录
    2 | #include <usbhid.h>
      |          ^~~~~~~~~~
compilation terminated.
gmake[1]: *** [CMakeFiles/cmTC_8d746.dir/build.make:78：CMakeFiles/cmTC_8d746.dir/HAVE_USBHID_H.c.o] 错误 1
gmake[1]: 离开目录“/home/heaticy/CS100/PvZ/build/CMakeFiles/CMakeTmp”
gmake: *** [Makefile:127：cmTC_8d746/fast] 错误 2


Source:
/* */
#include <usbhid.h>


int main(void){return 0;}

Determining if the function XParseGeometry exists failed with the following output:
Change Dir: /home/heaticy/CS100/PvZ/build/CMakeFiles/CMakeTmp

Run Build Command(s):/usr/bin/gmake -f Makefile cmTC_680fe/fast && /usr/bin/gmake  -f CMakeFiles/cmTC_680fe.dir/build.make CMakeFiles/cmTC_680fe.dir/build
gmake[1]: 进入目录“/home/heaticy/CS100/PvZ/build/CMakeFiles/CMakeTmp”
Building C object CMakeFiles/cmTC_680fe.dir/CheckFunctionExists.c.o
/usr/bin/gcc   -Wall -pedantic -DCHECK_FUNCTION_EXISTS=XParseGeometry -o CMakeFiles/cmTC_680fe.dir/CheckFunctionExists.c.o -c /usr/share/cmake-3.22/Modules/CheckFunctionExists.c
Linking C executable cmTC_680fe
/usr/bin/cmake -E cmake_link_script CMakeFiles/cmTC_680fe.dir/link.txt --verbose=1
/usr/bin/gcc  -Wall -pedantic -DCHECK_FUNCTION_EXISTS=XParseGeometry -rdynamic CMakeFiles/cmTC_680fe.dir/CheckFunctionExists.c.o -o cmTC_680fe  -lm 
/usr/bin/ld: CMakeFiles/cmTC_680fe.dir/CheckFunctionExists.c.o: in function `main':
CheckFunctionExists.c:(.text+0x14): undefined reference to `XParseGeometry'
collect2: error: ld returned 1 exit status
gmake[1]: *** [CMakeFiles/cmTC_680fe.dir/build.make:99：cmTC_680fe] 错误 1
gmake[1]: 离开目录“/home/heaticy/CS100/PvZ/build/CMakeFiles/CMakeTmp”
gmake: *** [Makefile:127：cmTC_680fe/fast] 错误 2



